{'mrMac': 'E0:CB:BC:34:7E:0D', 'clientType': 'visible', 'clientMac': '3E:28:CF:72:95:3A', 'timestamp': '2022-05-17 01:30:45.137', 'rssi': '-58', 'radio': 'wifi'}
{'mrMac': 'F8:9E:28:73:AF:32', 'clientType': 'visible', 'clientMac': '2E:BE:5A:CE:E1:F2', 'timestamp': '2022-05-17 01:30:48.770', 'rssi': '-82', 'radio': 'wifi'}
{'mrMac': 'E0:CB:BC:34:7E:0D', 'clientType': 'visible', 'clientMac': '3E:28:CF:72:95:3A', 'timestamp': '2022-05-17 01:30:49.450', 'rssi': '-61', 'radio': 'wifi'}
{'mrMac': 'E0:CB:BC:34:7E:0D', 'clientType': 'visible', 'clientMac': '3E:28:CF:72:95:3A', 'timestamp': '2022-05-17 01:30:57.201', 'rssi': '-66', 'radio': 'wifi'}
{'mrMac': 'E0:CB:BC:34:7E:0D', 'clientType': 'visible', 'clientMac': '3E:28:CF:72:95:3A', 'timestamp': '2022-05-17 01:30:56.411', 'rssi': '-63', 'radio': 'wifi'}
{'mrMac': 'E0:CB:BC:34:7E:0D', 'clientType': 'visible', 'clientMac': '2E:BE:5A:CE:E1:F2', 'timestamp': '2022-05-17 01:30:26.833', 'status': 'offline', 'rssi': '-60', 'radio': 'wifi'}
{'mrMac': 'E0:CB:BC:34:7E:0D', 'clientType': 'visible', 'clientMac': '3E:28:CF:72:95:3A', 'timestamp': '2022-05-17 01:31:02.494', 'rssi': '-66', 'radio': 'wifi'}
{'mrMac': 'E0:CB:BC:34:7E:0D', 'clientType': 'visible', 'clientMac': '3E:28:CF:72:95:3A', 'timestamp': '2022-05-17 01:30:59.724', 'rssi': '-65', 'radio': 'wifi'}
{'mrMac': 'E0:CB:BC:34:7E:0D', 'clientType': 'visible', 'clientMac': '3E:28:CF:72:95:3A', 'timestamp': '2022-05-17 01:31:03.714', 'rssi': '-66', 'radio': 'wifi'}
{'mrMac': 'F8:9E:28:73:AF:32', 'clientType': 'visible', 'clientMac': '2E:BE:5A:CE:E1:F2', 'timestamp': '2022-05-17 01:31:11.191', 'rssi': '-84', 'radio': 'wifi'}
{'mrMac': 'E0:CB:BC:34:7E:0D', 'clientType': 'visible', 'clientMac': '2E:BE:5A:CE:E1:F2', 'timestamp': '2022-05-17 01:31:11.136', 'rssi': '-62', 'radio': 'wifi'}
{'mrMac': 'E0:CB:BC:34:7E:0D', 'clientType': 'visible', 'clientMac': '3E:28:CF:72:95:3A', 'timestamp': '2022-05-17 01:31:14.999', 'rssi': '-52', 'radio': 'wifi'}
{'mrMac': 'E0:CB:BC:34:7E:0D', 'clientType': 'visible', 'clientMac': '3E:28:CF:72:95:3A', 'timestamp': '2022-05-17 01:31:14.929', 'rssi': '-59', 'radio': 'wifi'}
{'mrMac': 'E0:CB:BC:34:7E:0D', 'clientType': 'visible', 'clientMac': '3E:28:CF:72:95:3A', 'timestamp': '2022-05-17 01:31:22.791', 'rssi': '-64', 'radio': 'wifi'}
{'mrMac': 'E0:CB:BC:34:7E:0D', 'clientType': 'visible', 'clientMac': '3E:28:CF:72:95:3A', 'timestamp': '2022-05-17 01:31:19.621', 'rssi': '-56', 'radio': 'wifi'}
{'mrMac': 'E0:CB:BC:34:7E:0D', 'clientType': 'visible', 'clientMac': '3E:28:CF:72:95:3A', 'timestamp': '2022-05-17 01:31:19.481', 'rssi': '-57', 'radio': 'wifi'}
{'mrMac': 'E0:CB:BC:34:7E:0D', 'clientType': 'visible', 'clientMac': '3E:28:CF:72:95:3A', 'timestamp': '2022-05-17 01:31:19.341', 'rssi': '-58', 'radio': 'wifi'}
{'mrMac': 'E0:CB:BC:34:7E:0D', 'clientType': 'visible', 'clientMac': '3E:28:CF:72:95:3A', 'timestamp': '2022-05-17 01:31:26.479', 'rssi': '-66', 'radio': 'wifi'}
{'mrMac': 'E0:CB:BC:34:7E:0D', 'clientType': 'visible', 'clientMac': '3E:28:CF:72:95:3A', 'timestamp': '2022-05-17 01:31:24.349', 'rssi': '-64', 'radio': 'wifi'}
{'mrMac': 'E0:CB:BC:34:7E:0D', 'clientType': 'visible', 'clientMac': '3E:28:CF:72:95:3A', 'timestamp': '2022-05-17 01:31:24.279', 'rssi': '-66', 'radio': 'wifi'}
{'mrMac': 'E0:CB:BC:34:7E:0D', 'clientType': 'visible', 'clientMac': '3E:28:CF:72:95:3A', 'timestamp': '2022-05-17 01:31:24.19', 'rssi': '-59', 'radio': 'wifi'}
{'mrMac': 'E0:CB:BC:34:7E:0D', 'clientType': 'visible', 'clientMac': '3E:28:CF:72:95:3A', 'timestamp': '2022-05-17 01:31:30.744', 'rssi': '-66', 'radio': 'wifi'}
{'mrMac': 'E0:CB:BC:34:7E:0D', 'clientType': 'visible', 'clientMac': '3E:28:CF:72:95:3A', 'timestamp': '2022-05-17 01:31:34.805', 'rssi': '-63', 'radio': 'wifi'}
{'mrMac': 'E0:CB:BC:34:7E:0D', 'clientType': 'visible', 'clientMac': '3E:28:CF:72:95:3A', 'timestamp': '2022-05-17 01:31:34.645', 'rssi': '-53', 'radio': 'wifi'}
{'mrMac': 'E0:CB:BC:34:7E:0D', 'clientType': 'visible', 'clientMac': '3E:28:CF:72:95:3A', 'timestamp': '2022-05-17 01:31:34.245', 'rssi': '-55', 'radio': 'wifi'}
{'mrMac': 'E0:CB:BC:34:7E:0D', 'clientType': 'visible', 'clientMac': '3E:28:CF:72:95:3A', 'timestamp': '2022-05-17 01:31:33.905', 'rssi': '-59', 'radio': 'wifi'}
{'mrMac': 'F8:9E:28:73:AF:32', 'clientType': 'visible', 'clientMac': '2E:BE:5A:CE:E1:F2', 'timestamp': '2022-05-17 01:31:11.191', 'status': 'offline', 'rssi': '-84', 'radio': 'wifi'}
{'mrMac': 'E0:CB:BC:34:7E:0D', 'clientType': 'visible', 'clientMac': '2E:BE:5A:CE:E1:F2', 'timestamp': '2022-05-17 01:31:11.136', 'status': 'offline', 'rssi': '-62', 'radio': 'wifi'}
{'mrMac': 'E0:CB:BC:34:7E:0D', 'clientType': 'visible', 'clientMac': '3E:28:CF:72:95:3A', 'timestamp': '2022-05-17 01:31:58.350', 'rssi': '-50', 'radio': 'wifi'}
{'mrMac': 'E0:CB:BC:34:7E:0D', 'clientType': 'visible', 'clientMac': '3E:28:CF:72:95:3A', 'timestamp': '2022-05-17 01:31:58.290', 'rssi': '-60', 'radio': 'wifi'}
{'mrMac': 'E0:CB:BC:34:7E:0D', 'clientType': 'visible', 'clientMac': '3E:28:CF:72:95:3A', 'timestamp': '2022-05-17 01:31:53.860', 'rssi': '-56', 'radio': 'wifi'}
{'mrMac': 'F8:9E:28:73:AF:32', 'clientType': 'visible', 'clientMac': '3E:28:CF:72:95:3A', 'timestamp': '2022-05-17 01:31:58.330', 'rssi': '-83', 'radio': 'wifi'}
{'mrMac': 'E0:CB:BC:34:7E:0D', 'clientType': 'visible', 'clientMac': '3E:28:CF:72:95:3A', 'timestamp': '2022-05-17 01:32:01.985', 'rssi': '-60', 'radio': 'wifi'}
{'mrMac': 'E0:CB:BC:34:7E:0D', 'clientType': 'visible', 'clientMac': '2E:BE:5A:CE:E1:F2', 'timestamp': '2022-05-17 01:32:06.126', 'rssi': '-64', 'radio': 'wifi'}
{'mrMac': 'E0:CB:BC:34:7E:0D', 'clientType': 'visible', 'clientMac': '3E:28:CF:72:95:3A', 'timestamp': '2022-05-17 01:32:13.50', 'rssi': '-54', 'radio': 'wifi'}
{'mrMac': 'E0:CB:BC:34:7E:0D', 'clientType': 'visible', 'clientMac': '3E:28:CF:72:95:3A', 'timestamp': '2022-05-17 01:32:13.40', 'rssi': '-59', 'radio': 'wifi'}
{'mrMac': 'E0:CB:BC:34:7E:0D', 'clientType': 'visible', 'clientMac': '3E:28:CF:72:95:3A', 'timestamp': '2022-05-17 01:32:28.292', 'rssi': '-55', 'radio': 'wifi'}
{'mrMac': 'E0:CB:BC:34:7E:0D', 'clientType': 'visible', 'clientMac': '2E:BE:5A:CE:E1:F2', 'timestamp': '2022-05-17 01:32:27.452', 'rssi': '-52', 'radio': 'wifi'}
{'mrMac': 'F8:9E:28:73:AF:32', 'clientType': 'visible', 'clientMac': '3E:28:CF:72:95:3A', 'timestamp': '2022-05-17 01:31:58.330', 'status': 'offline', 'rssi': '-83', 'radio': 'wifi'}
{'mrMac': 'F8:9E:28:73:AF:32', 'clientType': 'visible', 'clientMac': '2E:BE:5A:CE:E1:F2', 'timestamp': '2022-05-17 01:32:37.667', 'rssi': '-82', 'radio': 'wifi'}
{'mrMac': 'E0:CB:BC:34:7E:0D', 'clientType': 'visible', 'clientMac': '3E:28:CF:72:95:3A', 'timestamp': '2022-05-17 01:32:38.844', 'rssi': '-65', 'radio': 'wifi'}
{'mrMac': 'E0:CB:BC:34:7E:0D', 'clientType': 'visible', 'clientMac': '2E:BE:5A:CE:E1:F2', 'timestamp': '2022-05-17 01:32:37.504', 'rssi': '-57', 'radio': 'wifi'}
{'mrMac': 'F8:9E:28:73:AF:32', 'clientType': 'visible', 'clientMac': '2E:BE:5A:CE:E1:F2', 'timestamp': '2022-05-17 01:32:44.171', 'rssi': '-72', 'radio': 'wifi'}
{'mrMac': 'E0:CB:BC:34:7E:0D', 'clientType': 'visible', 'clientMac': '2E:BE:5A:CE:E1:F2', 'timestamp': '2022-05-17 01:32:44.134', 'rssi': '-55', 'radio': 'wifi'}
{'mrMac': 'E0:CB:BC:34:7E:0D', 'clientType': 'visible', 'clientMac': '3E:28:CF:72:95:3A', 'timestamp': '2022-05-17 01:32:49.898', 'rssi': '-64', 'radio': 'wifi'}
{'mrMac': 'F8:9E:28:73:AF:32', 'clientType': 'visible', 'clientMac': '2E:BE:5A:CE:E1:F2', 'timestamp': '2022-05-17 01:33:17.36', 'rssi': '-77', 'radio': 'wifi'}
{'mrMac': 'E0:CB:BC:34:7E:0D', 'clientType': 'visible', 'clientMac': '3E:28:CF:72:95:3A', 'timestamp': '2022-05-17 01:33:26.775', 'rssi': '-65', 'radio': 'wifi'}
{'mrMac': 'E0:CB:BC:34:7E:0D', 'clientType': 'visible', 'clientMac': '2E:BE:5A:CE:E1:F2', 'timestamp': '2022-05-17 01:33:39.207', 'rssi': '-62', 'radio': 'wifi'}
{'mrMac': 'E0:CB:BC:34:7E:0D', 'clientType': 'visible', 'clientMac': '3E:28:CF:72:95:3A', 'timestamp': '2022-05-17 01:33:38.737', 'rssi': '-64', 'radio': 'wifi'}
{'mrMac': 'F8:9E:28:73:AF:32', 'clientType': 'visible', 'clientMac': '2E:BE:5A:CE:E1:F2', 'timestamp': '2022-05-17 01:33:39.252', 'rssi': '-78', 'radio': 'wifi'}
{'mrMac': 'E0:CB:BC:34:7E:0D', 'clientType': 'visible', 'clientMac': '3E:28:CF:72:95:3A', 'timestamp': '2022-05-17 01:33:48.885', 'rssi': '-63', 'radio': 'wifi'}
{'mrMac': 'E0:CB:BC:34:7E:0D', 'clientType': 'visible', 'clientMac': '3E:28:CF:72:95:3A', 'timestamp': '2022-05-17 01:33:49.796', 'rssi': '-64', 'radio': 'wifi'}
{'mrMac': 'F8:9E:28:73:AF:32', 'clientType': 'visible', 'clientMac': '2E:BE:5A:CE:E1:F2', 'timestamp': '2022-05-17 01:33:56.381', 'rssi': '-75', 'radio': 'wifi'}
{'mrMac': 'E0:CB:BC:34:7E:0D', 'clientType': 'visible', 'clientMac': '2E:BE:5A:CE:E1:F2', 'timestamp': '2022-05-17 01:33:56.336', 'rssi': '-56', 'radio': 'wifi'}
{'mrMac': 'E0:CB:BC:34:7E:0D', 'clientType': 'visible', 'clientMac': '2E:BE:5A:CE:E1:F2', 'timestamp': '2022-05-17 01:34:03.990', 'rssi': '-64', 'radio': 'wifi'}
{'mrMac': 'F8:9E:28:73:AF:32', 'clientType': 'visible', 'clientMac': '2E:BE:5A:CE:E1:F2', 'timestamp': '2022-05-17 01:34:04.39', 'rssi': '-82', 'radio': 'wifi'}
{'mrMac': 'E0:CB:BC:34:7E:0D', 'clientType': 'visible', 'clientMac': '3E:28:CF:72:95:3A', 'timestamp': '2022-05-17 01:34:17.151', 'rssi': '-59', 'radio': 'wifi'}
{'mrMac': 'E0:CB:BC:34:7E:0D', 'clientType': 'visible', 'clientMac': '3E:28:CF:72:95:3A', 'timestamp': '2022-05-17 01:34:16.431', 'rssi': '-57', 'radio': 'wifi'}
{'mrMac': 'E0:CB:BC:34:7E:0D', 'clientType': 'visible', 'clientMac': '3E:28:CF:72:95:3A', 'timestamp': '2022-05-17 01:34:21.749', 'rssi': '-59', 'radio': 'wifi'}
